# JRE version: OpenJDK Runtime Environment (8.0_242-b01) (build 1.8.0_242-release-1644-b01)
# Java VM: OpenJDK 64-Bit Server VM (25.242-b01 mixed mode windows-amd64 compressed oops)
Heap:
 PSYoungGen      total 264192K, used 238526K [0x00000000d5580000, 0x00000000e8080000, 0x0000000100000000)
  eden space 245248K, 89% used [0x00000000d5580000,0x00000000e2c4ca38,0x00000000e4500000)
  from space 18944K, 98% used [0x00000000e6e00000,0x00000000e8022e80,0x00000000e8080000)
  to   space 20992K, 0% used [0x00000000e5780000,0x00000000e5780000,0x00000000e6c00000)
 ParOldGen       total 255488K, used 30263K [0x0000000080000000, 0x000000008f980000, 0x00000000d5580000)
  object space 255488K, 11% used [0x0000000080000000,0x0000000081d8df90,0x000000008f980000)
 Metaspace       used 77652K, capacity 81426K, committed 81560K, reserved 1120256K
  class space    used 10572K, capacity 11357K, committed 11432K, reserved 1048576K
Heap after GC invocations=9 (full 2):
 PSYoungGen      total 147456K, used 12287K [0x00000000d5580000, 0x00000000e3680000, 0x0000000100000000)
  eden space 135168K, 0% used [0x00000000d5580000,0x00000000d5580000,0x00000000dd980000)
  from space 12288K, 99% used [0x00000000dd980000,0x00000000de57fc00,0x00000000de580000)
  to   space 13312K, 0% used [0x00000000e2980000,0x00000000e2980000,0x00000000e3680000)
 ParOldGen       total 180736K, used 15526K [0x0000000080000000, 0x000000008b080000, 0x00000000d5580000)
  object space 180736K, 8% used [0x0000000080000000,0x0000000080f299d8,0x000000008b080000)
 Metaspace       used 44107K, capacity 45688K, committed 45864K, reserved 1089536K
  class space    used 6003K, capacity 6391K, committed 6440K, reserved 1048576K
Heap after GC invocations=10 (full 2):
 PSYoungGen      total 212480K, used 13292K [0x00000000d5580000, 0x00000000e3c80000, 0x0000000100000000)
  eden space 199168K, 0% used [0x00000000d5580000,0x00000000d5580000,0x00000000e1800000)
  from space 13312K, 99% used [0x00000000e2980000,0x00000000e367b330,0x00000000e3680000)
  to   space 17920K, 0% used [0x00000000e1800000,0x00000000e1800000,0x00000000e2980000)
 ParOldGen       total 180736K, used 23504K [0x0000000080000000, 0x000000008b080000, 0x00000000d5580000)
  object space 180736K, 13% used [0x0000000080000000,0x00000000816f41a0,0x000000008b080000)
 Metaspace       used 55019K, capacity 57108K, committed 57128K, reserved 1097728K
  class space    used 7502K, capacity 7962K, committed 7976K, reserved 1048576K
Heap after GC invocations=11 (full 2):
 PSYoungGen      total 217088K, used 15334K [0x00000000d5580000, 0x00000000e8080000, 0x0000000100000000)
  eden space 199168K, 0% used [0x00000000d5580000,0x00000000d5580000,0x00000000e1800000)
  from space 17920K, 85% used [0x00000000e1800000,0x00000000e26f9908,0x00000000e2980000)
  to   space 18944K, 0% used [0x00000000e6e00000,0x00000000e6e00000,0x00000000e8080000)
 ParOldGen       total 180736K, used 23512K [0x0000000080000000, 0x000000008b080000, 0x00000000d5580000)
  object space 180736K, 13% used [0x0000000080000000,0x00000000816f61a0,0x000000008b080000)
 Metaspace       used 56701K, capacity 58928K, committed 59160K, reserved 1099776K
  class space    used 7756K, capacity 8216K, committed 8232K, reserved 1048576K
Heap after GC invocations=12 (full 3):
 PSYoungGen      total 217088K, used 0K [0x00000000d5580000, 0x00000000e8080000, 0x0000000100000000)
  eden space 199168K, 0% used [0x00000000d5580000,0x00000000d5580000,0x00000000e1800000)
  from space 17920K, 0% used [0x00000000e1800000,0x00000000e1800000,0x00000000e2980000)
  to   space 18944K, 0% used [0x00000000e6e00000,0x00000000e6e00000,0x00000000e8080000)
 ParOldGen       total 255488K, used 30255K [0x0000000080000000, 0x000000008f980000, 0x00000000d5580000)
  object space 255488K, 11% used [0x0000000080000000,0x0000000081d8bf90,0x000000008f980000)
 Metaspace       used 56656K, capacity 58784K, committed 59160K, reserved 1099776K
  class space    used 7743K, capacity 8192K, committed 8232K, reserved 1048576K
