# JRE version: OpenJDK Runtime Environment (8.0_242-b01) (build 1.8.0_242-release-1644-b01)
# Java VM: OpenJDK 64-Bit Server VM (25.242-b01 mixed mode windows-amd64 compressed oops)
Heap:
 PSYoungGen      total 457216K, used 403265K [0x00000000d5580000, 0x00000000f8300000, 0x0000000100000000)
  eden space 414208K, 96% used [0x00000000d5580000,0x00000000edbc0de0,0x00000000eea00000)
  from space 43008K, 8% used [0x00000000f0f00000,0x00000000f128f6f0,0x00000000f3900000)
  to   space 37888K, 0% used [0x00000000eea00000,0x00000000eea00000,0x00000000f0f00000)
 ParOldGen       total 290304K, used 110870K [0x0000000080000000, 0x0000000091b80000, 0x00000000d5580000)
  object space 290304K, 38% used [0x0000000080000000,0x0000000086c45880,0x0000000091b80000)
 Metaspace       used 101607K, capacity 106278K, committed 107944K, reserved 1142784K
  class space    used 13386K, capacity 14325K, committed 14760K, reserved 1048576K
GC Heap History (10 events):
Event: 71.440 GC heap before
{Heap before GC invocations=22 (full 4):
 PSYoungGen      total 452096K, used 416384K [0x00000000d5580000, 0x00000000f3a80000, 0x0000000100000000)
  eden space 408576K, 100% used [0x00000000d5580000,0x00000000ee480000,0x00000000ee480000)
  from space 43520K, 17% used [0x00000000ee480000,0x00000000eec20000,0x00000000f0f00000)
  to   space 43008K, 0% used [0x00000000f0f00000,0x00000000f0f00000,0x00000000f3900000)
 ParOldGen       total 290304K, used 82679K [0x0000000080000000, 0x0000000091b80000, 0x00000000d5580000)
  object space 290304K, 28% used [0x0000000080000000,0x00000000850bde90,0x0000000091b80000)
 Metaspace       used 93267K, capacity 97606K, committed 99752K, reserved 1134592K
  class space    used 12324K, capacity 13209K, committed 13736K, reserved 1048576K
Event: 71.461 GC heap after
Heap after GC invocations=22 (full 4):
 PSYoungGen      total 451584K, used 3824K [0x00000000d5580000, 0x00000000f3a80000, 0x0000000100000000)
  eden space 408576K, 0% used [0x00000000d5580000,0x00000000d5580000,0x00000000ee480000)
  from space 43008K, 8% used [0x00000000f0f00000,0x00000000f12bc168,0x00000000f3900000)
  to   space 43520K, 0% used [0x00000000ee480000,0x00000000ee480000,0x00000000f0f00000)
 ParOldGen       total 290304K, used 88619K [0x0000000080000000, 0x0000000091b80000, 0x00000000d5580000)
  object space 290304K, 30% used [0x0000000080000000,0x000000008568afe0,0x0000000091b80000)
 Metaspace       used 93267K, capacity 97606K, committed 99752K, reserved 1134592K
  class space    used 12324K, capacity 13209K, committed 13736K, reserved 1048576K
}
Event: 72.473 GC heap before
{Heap before GC invocations=23 (full 4):
 PSYoungGen      total 451584K, used 412400K [0x00000000d5580000, 0x00000000f3a80000, 0x0000000100000000)
  eden space 408576K, 100% used [0x00000000d5580000,0x00000000ee480000,0x00000000ee480000)
  from space 43008K, 8% used [0x00000000f0f00000,0x00000000f12bc168,0x00000000f3900000)
  to   space 43520K, 0% used [0x00000000ee480000,0x00000000ee480000,0x00000000f0f00000)
 ParOldGen       total 290304K, used 88619K [0x0000000080000000, 0x0000000091b80000, 0x00000000d5580000)
  object space 290304K, 30% used [0x0000000080000000,0x000000008568afe0,0x0000000091b80000)
 Metaspace       used 93873K, capacity 98252K, committed 100520K, reserved 1136640K
  class space    used 12384K, capacity 13248K, committed 13736K, reserved 1048576K
Event: 72.485 GC heap after
Heap after GC invocations=23 (full 4):
 PSYoungGen      total 452096K, used 3323K [0x00000000d5580000, 0x00000000f3a80000, 0x0000000100000000)
  eden space 408576K, 0% used [0x00000000d5580000,0x00000000d5580000,0x00000000ee480000)
  from space 43520K, 7% used [0x00000000ee480000,0x00000000ee7bef28,0x00000000f0f00000)
  to   space 43008K, 0% used [0x00000000f0f00000,0x00000000f0f00000,0x00000000f3900000)
 ParOldGen       total 290304K, used 91919K [0x0000000080000000, 0x0000000091b80000, 0x00000000d5580000)
  object space 290304K, 31% used [0x0000000080000000,0x00000000859c3f58,0x0000000091b80000)
 Metaspace       used 93873K, capacity 98252K, committed 100520K, reserved 1136640K
  class space    used 12384K, capacity 13248K, committed 13736K, reserved 1048576K
}
Event: 74.821 GC heap before
{Heap before GC invocations=24 (full 4):
 PSYoungGen      total 452096K, used 411899K [0x00000000d5580000, 0x00000000f3a80000, 0x0000000100000000)
  eden space 408576K, 100% used [0x00000000d5580000,0x00000000ee480000,0x00000000ee480000)
  from space 43520K, 7% used [0x00000000ee480000,0x00000000ee7bef28,0x00000000f0f00000)
  to   space 43008K, 0% used [0x00000000f0f00000,0x00000000f0f00000,0x00000000f3900000)
 ParOldGen       total 290304K, used 91919K [0x0000000080000000, 0x0000000091b80000, 0x00000000d5580000)
  object space 290304K, 31% used [0x0000000080000000,0x00000000859c3f58,0x0000000091b80000)
 Metaspace       used 99594K, capacity 104008K, committed 105896K, reserved 1140736K
  class space    used 13113K, capacity 14026K, committed 14504K, reserved 1048576K
Event: 74.869 GC heap after
Heap after GC invocations=24 (full 4):
 PSYoungGen      total 451584K, used 16970K [0x00000000d5580000, 0x00000000f3a80000, 0x0000000100000000)
  eden space 408576K, 0% used [0x00000000d5580000,0x00000000d5580000,0x00000000ee480000)
  from space 43008K, 39% used [0x00000000f0f00000,0x00000000f1f92b00,0x00000000f3900000)
  to   space 43520K, 0% used [0x00000000ee480000,0x00000000ee480000,0x00000000f0f00000)
 ParOldGen       total 290304K, used 94100K [0x0000000080000000, 0x0000000091b80000, 0x00000000d5580000)
  object space 290304K, 32% used [0x0000000080000000,0x0000000085be51b8,0x0000000091b80000)
 Metaspace       used 99594K, capacity 104008K, committed 105896K, reserved 1140736K
  class space    used 13113K, capacity 14026K, committed 14504K, reserved 1048576K
}
Event: 75.758 GC heap before
{Heap before GC invocations=25 (full 4):
 PSYoungGen      total 451584K, used 425546K [0x00000000d5580000, 0x00000000f3a80000, 0x0000000100000000)
  eden space 408576K, 100% used [0x00000000d5580000,0x00000000ee480000,0x00000000ee480000)
  from space 43008K, 39% used [0x00000000f0f00000,0x00000000f1f92b00,0x00000000f3900000)
  to   space 43520K, 0% used [0x00000000ee480000,0x00000000ee480000,0x00000000f0f00000)
 ParOldGen       total 290304K, used 94100K [0x0000000080000000, 0x0000000091b80000, 0x00000000d5580000)
  object space 290304K, 32% used [0x0000000080000000,0x0000000085be51b8,0x0000000091b80000)
 Metaspace       used 100134K, capacity 104590K, committed 106408K, reserved 1140736K
  class space    used 13168K, capacity 14085K, committed 14504K, reserved 1048576K
Event: 75.802 GC heap after
Heap after GC invocations=25 (full 4):
 PSYoungGen      total 452096K, used 14643K [0x00000000d5580000, 0x00000000f3a80000, 0x0000000100000000)
  eden space 408576K, 0% used [0x00000000d5580000,0x00000000d5580000,0x00000000ee480000)
  from space 43520K, 33% used [0x00000000ee480000,0x00000000ef2ccc20,0x00000000f0f00000)
  to   space 43008K, 0% used [0x00000000f0f00000,0x00000000f0f00000,0x00000000f3900000)
 ParOldGen       total 290304K, used 99640K [0x0000000080000000, 0x0000000091b80000, 0x00000000d5580000)
  object space 290304K, 34% used [0x0000000080000000,0x000000008614e3e8,0x0000000091b80000)
 Metaspace       used 100134K, capacity 104590K, committed 106408K, reserved 1140736K
  class space    used 13168K, capacity 14085K, committed 14504K, reserved 1048576K
}
Event: 76.910 GC heap before
{Heap before GC invocations=26 (full 4):
 PSYoungGen      total 452096K, used 423219K [0x00000000d5580000, 0x00000000f3a80000, 0x0000000100000000)
  eden space 408576K, 100% used [0x00000000d5580000,0x00000000ee480000,0x00000000ee480000)
  from space 43520K, 33% used [0x00000000ee480000,0x00000000ef2ccc20,0x00000000f0f00000)
  to   space 43008K, 0% used [0x00000000f0f00000,0x00000000f0f00000,0x00000000f3900000)
 ParOldGen       total 290304K, used 99640K [0x0000000080000000, 0x0000000091b80000, 0x00000000d5580000)
  object space 290304K, 34% used [0x0000000080000000,0x000000008614e3e8,0x0000000091b80000)
 Metaspace       used 100768K, capacity 105414K, committed 106920K, reserved 1142784K
  class space    used 13247K, capacity 14165K, committed 14504K, reserved 1048576K
Event: 76.924 GC heap after
Heap after GC invocations=26 (full 4):
 PSYoungGen      total 457216K, used 3645K [0x00000000d5580000, 0x00000000f8300000, 0x0000000100000000)
  eden space 414208K, 0% used [0x00000000d5580000,0x00000000d5580000,0x00000000eea00000)
  from space 43008K, 8% used [0x00000000f0f00000,0x00000000f128f6f0,0x00000000f3900000)
  to   space 37888K, 0% used [0x00000000eea00000,0x00000000eea00000,0x00000000f0f00000)
 ParOldGen       total 290304K, used 110870K [0x0000000080000000, 0x0000000091b80000, 0x00000000d5580000)
  object space 290304K, 38% used [0x0000000080000000,0x0000000086c45880,0x0000000091b80000)
 Metaspace       used 100768K, capacity 105414K, committed 106920K, reserved 1142784K
  class space    used 13247K, capacity 14165K, committed 14504K, reserved 1048576K
}

